<?xml version="1.0" encoding="UTF-8"?>
<!-- Generated by org.testng.reporters.JUnitReportReporter -->
<testsuite hostname="DESKTOP-I00TQ6F" failures="0" tests="2" name="com.SwagLab.TestCases.CheckOutPageTestCase" time="1.157" errors="0" timestamp="2023-09-01T16:30:29 IST" skipped="1">
  <testcase classname="com.SwagLab.TestCases.CheckOutPageTestCase" name="verifycheckout" time="1.157"/>
  <testcase classname="com.SwagLab.TestCases.CheckOutPageTestCase" name="verifyCancel">
    <skipped/>
  </testcase> <!-- verifyCancel -->
</testsuite> <!-- com.SwagLab.TestCases.CheckOutPageTestCase -->
