<?xml version="1.0" encoding="UTF-8"?>
<!-- Generated by org.testng.reporters.JUnitReportReporter -->
<testsuite hostname="DESKTOP-I00TQ6F" failures="0" tests="3" name="com.SwagLab.TestCases.InventoryPageTestCase" time="0.580" errors="0" timestamp="2023-08-30T14:45:53 IST" skipped="0">
  <testcase classname="com.SwagLab.TestCases.InventoryPageTestCase" name="VerifyTotalProductCount" time="0.094"/>
  <testcase classname="com.SwagLab.TestCases.InventoryPageTestCase" name="VerifyProductName" time="0.128"/>
  <testcase classname="com.SwagLab.TestCases.InventoryPageTestCase" name="VerifyAddProductToCart" time="0.358"/>
</testsuite> <!-- com.SwagLab.TestCases.InventoryPageTestCase -->
