<?xml version="1.0" encoding="UTF-8"?>
<!-- Generated by org.testng.reporters.JUnitReportReporter -->
<testsuite hostname="DESKTOP-I00TQ6F" failures="0" tests="4" name="com.SwagLab.TestCases.AddToCartPageTestCase" time="11.272" errors="0" timestamp="2023-09-01T16:04:33 IST" skipped="0">
  <testcase classname="com.SwagLab.TestCases.AddToCartPageTestCase" name="VerifyApp" time="2.182"/>
  <testcase classname="com.SwagLab.TestCases.AddToCartPageTestCase" name="VerifyRemove" time="2.159"/>
  <testcase classname="com.SwagLab.TestCases.AddToCartPageTestCase" name="VerifyContinue" time="6.739"/>
  <testcase classname="com.SwagLab.TestCases.AddToCartPageTestCase" name="VerifyCheckout" time="0.192"/>
</testsuite> <!-- com.SwagLab.TestCases.AddToCartPageTestCase -->
