<?xml version="1.0" encoding="UTF-8"?>
<!-- Generated by org.testng.reporters.JUnitReportReporter -->
<testsuite hostname="DESKTOP-I00TQ6F" failures="0" tests="2" name="com.SwagLab.TestCases.OverViewPageTestCase" time="0.102" errors="0" timestamp="2023-09-13T15:39:15 IST" skipped="0">
  <testcase classname="com.SwagLab.TestCases.OverViewPageTestCase" name="verifydetails" time="0.030"/>
  <testcase classname="com.SwagLab.TestCases.OverViewPageTestCase" name="verifyfinish" time="0.072"/>
</testsuite> <!-- com.SwagLab.TestCases.OverViewPageTestCase -->
